============================= test session starts ==============================
platform linux -- Python 3.12.3, pytest-8.4.1, pluggy-1.6.0 -- /home/mohneesh/Turing/toolz-python/venv/bin/python3
cachedir: .pytest_cache
rootdir: /home/mohneesh/Turing/toolz-python
collecting ... collected 204 items

bench/test_curry.py::test_get_curried PASSED                             [  0%]
bench/test_curry_baseline.py::test_get PASSED                            [  0%]
bench/test_first.py::test_first PASSED                                   [  1%]
bench/test_first.py::test_second PASSED                                  [  1%]
bench/test_first_iter.py::test_first_iter PASSED                         [  2%]
bench/test_first_iter.py::test_second_iter PASSED                        [  2%]
bench/test_frequencies.py::test_frequencies PASSED                       [  3%]
bench/test_frequencies.py::test_frequencies_small PASSED                 [  3%]
bench/test_get.py::test_get PASSED                                       [  4%]
bench/test_get_list.py::test_get PASSED                                  [  4%]
bench/test_groupby.py::test_groupby PASSED                               [  5%]
bench/test_join.py::test_many_to_many_large PASSED                       [  5%]
bench/test_join.py::test_one_to_one_tiny PASSED                          [  6%]
bench/test_join.py::test_one_to_many PASSED                              [  6%]
bench/test_memoize.py::test_memoize_no_kwargs PASSED                     [  7%]
bench/test_memoize_kwargs.py::test_memoize_kwargs PASSED                 [  7%]
bench/test_pluck.py::test_pluck PASSED                                   [  8%]
bench/test_sliding_window.py::test_sliding_window PASSED                 [  8%]
bench/test_wordcount.py::test_shakespeare PASSED                         [  9%]
toolz/sandbox/tests/test_core.py::test_EqualityHashKey_default_key PASSED [  9%]
toolz/sandbox/tests/test_core.py::test_EqualityHashKey_callable_key PASSED [ 10%]
toolz/sandbox/tests/test_core.py::test_EqualityHashKey_index_key PASSED  [ 10%]
toolz/sandbox/tests/test_core.py::test_unzip PASSED                      [ 11%]
toolz/sandbox/tests/test_parallel.py::test_fold PASSED                   [ 11%]
toolz/tests/test_compatibility.py::test_compat_warn PASSED               [ 12%]
toolz/tests/test_curried.py::test_take PASSED                            [ 12%]
toolz/tests/test_curried.py::test_first PASSED                           [ 13%]
toolz/tests/test_curried.py::test_merge PASSED                           [ 13%]
toolz/tests/test_curried.py::test_merge_with PASSED                      [ 14%]
toolz/tests/test_curried.py::test_merge_with_list PASSED                 [ 14%]
toolz/tests/test_curried.py::test_sorted PASSED                          [ 15%]
toolz/tests/test_curried.py::test_reduce PASSED                          [ 15%]
toolz/tests/test_curried.py::test_module_name PASSED                     [ 16%]
toolz/tests/test_curried.py::test_curried_operator PASSED                [ 16%]
toolz/tests/test_curried.py::test_curried_namespace PASSED               [ 17%]
toolz/tests/test_curried_doctests.py::test_doctests PASSED               [ 17%]
toolz/tests/test_dicttoolz.py::TestDict::test_merge PASSED               [ 18%]
toolz/tests/test_dicttoolz.py::TestDict::test_merge_iterable_arg PASSED  [ 18%]
toolz/tests/test_dicttoolz.py::TestDict::test_merge_with PASSED          [ 19%]
toolz/tests/test_dicttoolz.py::TestDict::test_merge_with_iterable_arg PASSED [ 19%]
toolz/tests/test_dicttoolz.py::TestDict::test_valmap PASSED              [ 20%]
toolz/tests/test_dicttoolz.py::TestDict::test_keymap PASSED              [ 20%]
toolz/tests/test_dicttoolz.py::TestDict::test_itemmap PASSED             [ 21%]
toolz/tests/test_dicttoolz.py::TestDict::test_valfilter PASSED           [ 21%]
toolz/tests/test_dicttoolz.py::TestDict::test_keyfilter PASSED           [ 22%]
toolz/tests/test_dicttoolz.py::TestDict::test_itemfilter PASSED          [ 22%]
toolz/tests/test_dicttoolz.py::TestDict::test_assoc PASSED               [ 23%]
toolz/tests/test_dicttoolz.py::TestDict::test_dissoc PASSED              [ 23%]
toolz/tests/test_dicttoolz.py::TestDict::test_assoc_in PASSED            [ 24%]
toolz/tests/test_dicttoolz.py::TestDict::test_update_in PASSED           [ 24%]
toolz/tests/test_dicttoolz.py::TestDict::test_factory PASSED             [ 25%]
toolz/tests/test_dicttoolz.py::TestDefaultDict::test_merge PASSED        [ 25%]
toolz/tests/test_dicttoolz.py::TestDefaultDict::test_merge_iterable_arg PASSED [ 25%]
toolz/tests/test_dicttoolz.py::TestDefaultDict::test_merge_with PASSED   [ 26%]
toolz/tests/test_dicttoolz.py::TestDefaultDict::test_merge_with_iterable_arg PASSED [ 26%]
toolz/tests/test_dicttoolz.py::TestDefaultDict::test_valmap PASSED       [ 27%]
toolz/tests/test_dicttoolz.py::TestDefaultDict::test_keymap PASSED       [ 27%]
toolz/tests/test_dicttoolz.py::TestDefaultDict::test_itemmap PASSED      [ 28%]
toolz/tests/test_dicttoolz.py::TestDefaultDict::test_valfilter PASSED    [ 28%]
toolz/tests/test_dicttoolz.py::TestDefaultDict::test_keyfilter PASSED    [ 29%]
toolz/tests/test_dicttoolz.py::TestDefaultDict::test_itemfilter PASSED   [ 29%]
toolz/tests/test_dicttoolz.py::TestDefaultDict::test_assoc PASSED        [ 30%]
toolz/tests/test_dicttoolz.py::TestDefaultDict::test_dissoc PASSED       [ 30%]
toolz/tests/test_dicttoolz.py::TestDefaultDict::test_assoc_in PASSED     [ 31%]
toolz/tests/test_dicttoolz.py::TestDefaultDict::test_update_in PASSED    [ 31%]
toolz/tests/test_dicttoolz.py::TestDefaultDict::test_factory PASSED      [ 32%]
toolz/tests/test_dicttoolz.py::TestCustomMapping::test_merge PASSED      [ 32%]
toolz/tests/test_dicttoolz.py::TestCustomMapping::test_merge_iterable_arg PASSED [ 33%]
toolz/tests/test_dicttoolz.py::TestCustomMapping::test_merge_with PASSED [ 33%]
toolz/tests/test_dicttoolz.py::TestCustomMapping::test_merge_with_iterable_arg PASSED [ 34%]
toolz/tests/test_dicttoolz.py::TestCustomMapping::test_valmap PASSED     [ 34%]
toolz/tests/test_dicttoolz.py::TestCustomMapping::test_keymap PASSED     [ 35%]
toolz/tests/test_dicttoolz.py::TestCustomMapping::test_itemmap PASSED    [ 35%]
toolz/tests/test_dicttoolz.py::TestCustomMapping::test_valfilter PASSED  [ 36%]
toolz/tests/test_dicttoolz.py::TestCustomMapping::test_keyfilter PASSED  [ 36%]
toolz/tests/test_dicttoolz.py::TestCustomMapping::test_itemfilter PASSED [ 37%]
toolz/tests/test_dicttoolz.py::TestCustomMapping::test_assoc PASSED      [ 37%]
toolz/tests/test_dicttoolz.py::TestCustomMapping::test_dissoc PASSED     [ 38%]
toolz/tests/test_dicttoolz.py::TestCustomMapping::test_assoc_in PASSED   [ 38%]
toolz/tests/test_dicttoolz.py::TestCustomMapping::test_update_in PASSED  [ 39%]
toolz/tests/test_dicttoolz.py::TestCustomMapping::test_factory PASSED    [ 39%]
toolz/tests/test_dicttoolz.py::test_environ PASSED                       [ 40%]
toolz/tests/test_dicttoolz.py::test_merge_with_non_dict_mappings PASSED  [ 40%]
toolz/tests/test_functoolz.py::test_apply PASSED                         [ 41%]
toolz/tests/test_functoolz.py::test_thread_first PASSED                  [ 41%]
toolz/tests/test_functoolz.py::test_thread_last PASSED                   [ 42%]
toolz/tests/test_functoolz.py::test_memoize PASSED                       [ 42%]
toolz/tests/test_functoolz.py::test_memoize_kwargs PASSED                [ 43%]
toolz/tests/test_functoolz.py::test_memoize_curried PASSED               [ 43%]
toolz/tests/test_functoolz.py::test_memoize_partial PASSED               [ 44%]
toolz/tests/test_functoolz.py::test_memoize_key_signature PASSED         [ 44%]
toolz/tests/test_functoolz.py::test_memoize_curry_cache PASSED           [ 45%]
toolz/tests/test_functoolz.py::test_memoize_key PASSED                   [ 45%]
toolz/tests/test_functoolz.py::test_memoize_wrapped PASSED               [ 46%]
toolz/tests/test_functoolz.py::test_curry_simple PASSED                  [ 46%]
toolz/tests/test_functoolz.py::test_curry_kwargs PASSED                  [ 47%]
toolz/tests/test_functoolz.py::test_curry_passes_errors PASSED           [ 47%]
toolz/tests/test_functoolz.py::test_curry_docstring PASSED               [ 48%]
toolz/tests/test_functoolz.py::test_curry_is_like_partial PASSED         [ 48%]
toolz/tests/test_functoolz.py::test_curry_is_idempotent PASSED           [ 49%]
toolz/tests/test_functoolz.py::test_curry_attributes_readonly PASSED     [ 49%]
toolz/tests/test_functoolz.py::test_curry_attributes_writable PASSED     [ 50%]
toolz/tests/test_functoolz.py::test_curry_module PASSED                  [ 50%]
toolz/tests/test_functoolz.py::test_curry_comparable PASSED              [ 50%]
toolz/tests/test_functoolz.py::test_curry_doesnot_transmogrify PASSED    [ 51%]
toolz/tests/test_functoolz.py::test_curry_on_classmethods PASSED         [ 51%]
toolz/tests/test_functoolz.py::test_memoize_on_classmethods PASSED       [ 52%]
toolz/tests/test_functoolz.py::test_curry_call PASSED                    [ 52%]
toolz/tests/test_functoolz.py::test_curry_bind PASSED                    [ 53%]
toolz/tests/test_functoolz.py::test_curry_unknown_args PASSED            [ 53%]
toolz/tests/test_functoolz.py::test_curry_bad_types PASSED               [ 54%]
toolz/tests/test_functoolz.py::test_curry_subclassable PASSED            [ 54%]
toolz/tests/test_functoolz.py::test_compose PASSED                       [ 55%]
toolz/tests/test_functoolz.py::test_compose_metadata PASSED              [ 55%]
toolz/tests/test_functoolz.py::test_compose_left PASSED                  [ 56%]
toolz/tests/test_functoolz.py::test_pipe PASSED                          [ 56%]
toolz/tests/test_functoolz.py::test_complement PASSED                    [ 57%]
toolz/tests/test_functoolz.py::test_do PASSED                            [ 57%]
toolz/tests/test_functoolz.py::test_juxt_generator_input PASSED          [ 58%]
toolz/tests/test_functoolz.py::test_flip PASSED                          [ 58%]
toolz/tests/test_functoolz.py::test_excepts PASSED                       [ 59%]
toolz/tests/test_inspect_args.py::test_make_func PASSED                  [ 59%]
toolz/tests/test_inspect_args.py::test_is_valid PASSED                   [ 60%]
toolz/tests/test_inspect_args.py::test_is_valid_py3 PASSED               [ 60%]
toolz/tests/test_inspect_args.py::test_is_partial PASSED                 [ 61%]
toolz/tests/test_inspect_args.py::test_is_valid_curry PASSED             [ 61%]
toolz/tests/test_inspect_args.py::test_func_keyword PASSED               [ 62%]
toolz/tests/test_inspect_args.py::test_has_unknown_args PASSED           [ 62%]
toolz/tests/test_inspect_args.py::test_num_required_args PASSED          [ 63%]
toolz/tests/test_inspect_args.py::test_has_keywords PASSED               [ 63%]
toolz/tests/test_inspect_args.py::test_has_varargs PASSED                [ 64%]
toolz/tests/test_inspect_args.py::test_is_arity PASSED                   [ 64%]
toolz/tests/test_inspect_args.py::test_introspect_curry_valid_py3 PASSED [ 65%]
toolz/tests/test_inspect_args.py::test_introspect_curry_partial_py3 PASSED [ 65%]
toolz/tests/test_inspect_args.py::test_introspect_curry_py3 PASSED       [ 66%]
toolz/tests/test_inspect_args.py::test_introspect_builtin_modules PASSED [ 66%]
toolz/tests/test_inspect_args.py::test_inspect_signature_property PASSED [ 67%]
toolz/tests/test_inspect_args.py::test_inspect_wrapped_property PASSED   [ 67%]
toolz/tests/test_itertoolz.py::test_remove PASSED                        [ 68%]
toolz/tests/test_itertoolz.py::test_groupby PASSED                       [ 68%]
toolz/tests/test_itertoolz.py::test_groupby_non_callable PASSED          [ 69%]
toolz/tests/test_itertoolz.py::test_merge_sorted PASSED                  [ 69%]
toolz/tests/test_itertoolz.py::test_interleave PASSED                    [ 70%]
toolz/tests/test_itertoolz.py::test_unique PASSED                        [ 70%]
toolz/tests/test_itertoolz.py::test_isiterable PASSED                    [ 71%]
toolz/tests/test_itertoolz.py::test_isdistinct PASSED                    [ 71%]
toolz/tests/test_itertoolz.py::test_nth PASSED                           [ 72%]
toolz/tests/test_itertoolz.py::test_first PASSED                         [ 72%]
toolz/tests/test_itertoolz.py::test_second PASSED                        [ 73%]
toolz/tests/test_itertoolz.py::test_last PASSED                          [ 73%]
toolz/tests/test_itertoolz.py::test_rest PASSED                          [ 74%]
toolz/tests/test_itertoolz.py::test_take PASSED                          [ 74%]
toolz/tests/test_itertoolz.py::test_tail PASSED                          [ 75%]
toolz/tests/test_itertoolz.py::test_drop PASSED                          [ 75%]
toolz/tests/test_itertoolz.py::test_take_nth PASSED                      [ 75%]
toolz/tests/test_itertoolz.py::test_get PASSED                           [ 76%]
toolz/tests/test_itertoolz.py::test_mapcat PASSED                        [ 76%]
toolz/tests/test_itertoolz.py::test_cons PASSED                          [ 77%]
toolz/tests/test_itertoolz.py::test_concat PASSED                        [ 77%]
toolz/tests/test_itertoolz.py::test_concatv PASSED                       [ 78%]
toolz/tests/test_itertoolz.py::test_interpose PASSED                     [ 78%]
toolz/tests/test_itertoolz.py::test_frequencies PASSED                   [ 79%]
toolz/tests/test_itertoolz.py::test_reduceby PASSED                      [ 79%]
toolz/tests/test_itertoolz.py::test_reduce_by_init PASSED                [ 80%]
toolz/tests/test_itertoolz.py::test_reduce_by_callable_default PASSED    [ 80%]
toolz/tests/test_itertoolz.py::test_iterate PASSED                       [ 81%]
toolz/tests/test_itertoolz.py::test_accumulate PASSED                    [ 81%]
toolz/tests/test_itertoolz.py::test_accumulate_works_on_consumable_iterables PASSED [ 82%]
toolz/tests/test_itertoolz.py::test_sliding_window PASSED                [ 82%]
toolz/tests/test_itertoolz.py::test_sliding_window_of_short_iterator PASSED [ 83%]
toolz/tests/test_itertoolz.py::test_partition PASSED                     [ 83%]
toolz/tests/test_itertoolz.py::test_partition_all PASSED                 [ 84%]
toolz/tests/test_itertoolz.py::test_count PASSED                         [ 84%]
toolz/tests/test_itertoolz.py::test_pluck PASSED                         [ 85%]
toolz/tests/test_itertoolz.py::test_join PASSED                          [ 85%]
toolz/tests/test_itertoolz.py::test_getter PASSED                        [ 86%]
toolz/tests/test_itertoolz.py::test_key_as_getter PASSED                 [ 86%]
toolz/tests/test_itertoolz.py::test_join_double_repeats PASSED           [ 87%]
toolz/tests/test_itertoolz.py::test_join_missing_element PASSED          [ 87%]
toolz/tests/test_itertoolz.py::test_left_outer_join PASSED               [ 88%]
toolz/tests/test_itertoolz.py::test_right_outer_join PASSED              [ 88%]
toolz/tests/test_itertoolz.py::test_outer_join PASSED                    [ 89%]
toolz/tests/test_itertoolz.py::test_diff PASSED                          [ 89%]
toolz/tests/test_itertoolz.py::test_topk PASSED                          [ 90%]
toolz/tests/test_itertoolz.py::test_topk_is_stable PASSED                [ 90%]
toolz/tests/test_itertoolz.py::test_peek PASSED                          [ 91%]
toolz/tests/test_itertoolz.py::test_peekn PASSED                         [ 91%]
toolz/tests/test_itertoolz.py::test_random_sample PASSED                 [ 92%]
toolz/tests/test_recipes.py::test_countby PASSED                         [ 92%]
toolz/tests/test_recipes.py::test_partitionby PASSED                     [ 93%]
toolz/tests/test_serialization.py::test_compose PASSED                   [ 93%]
toolz/tests/test_serialization.py::test_curry PASSED                     [ 94%]
toolz/tests/test_serialization.py::test_juxt PASSED                      [ 94%]
toolz/tests/test_serialization.py::test_complement PASSED                [ 95%]
toolz/tests/test_serialization.py::test_instanceproperty PASSED          [ 95%]
toolz/tests/test_serialization.py::test_flip PASSED                      [ 96%]
toolz/tests/test_serialization.py::test_curried_exceptions PASSED        [ 96%]
toolz/tests/test_serialization.py::test_curried_qualname PASSED          [ 97%]
toolz/tests/test_serialization.py::test_curried_bad_qualname PASSED      [ 97%]
toolz/tests/test_signatures.py::test_is_valid PASSED                     [ 98%]
toolz/tests/test_signatures.py::test_is_partial PASSED                   [ 98%]
toolz/tests/test_signatures.py::test_for_coverage PASSED                 [ 99%]
toolz/tests/test_tlz.py::test_tlz PASSED                                 [ 99%]
toolz/tests/test_utils.py::test_raises PASSED                            [100%]

============================= 204 passed in 2.24s ==============================
